<?xml version="1.0" encoding="UTF-8"?>
<!-- Generated by org.testng.reporters.JUnitReportReporter -->
<testsuite skipped="0" hostname="CP000208" name="com.ashwanth.tests.Test_2_CRMLogin" tests="1" failures="0" timestamp="01 Feb 2018 13:35:48 GMT" time="39.471" errors="0">
  <testcase name="Login" time="39.471" classname="com.ashwanth.tests.Test_2_CRMLogin"/>
</testsuite> <!-- com.ashwanth.tests.Test_2_CRMLogin -->
