<?xml version="1.0" encoding="UTF-8"?>
<!-- Generated by org.testng.reporters.JUnitReportReporter -->
<testsuite skipped="0" hostname="LE000210" name="com.ashwanth.tests.Test_1_CRMLogin" tests="1" failures="0" timestamp="21 Feb 2018 06:47:13 GMT" time="9.063" errors="0">
  <testcase name="Login" time="9.063" classname="com.ashwanth.tests.Test_1_CRMLogin"/>
</testsuite> <!-- com.ashwanth.tests.Test_1_CRMLogin -->
