<?xml version="1.0" encoding="UTF-8"?>
<!-- Generated by org.testng.reporters.JUnitReportReporter -->
<testsuite hostname="CP000208" name="com.ashwanth.tests.Test_1_CRMLogin" tests="1" failures="0" timestamp="18 Jan 2018 06:34:23 GMT" time="51.888" errors="0">
  <testcase name="Login1" time="51.888" classname="com.ashwanth.tests.Test_1_CRMLogin"/>
</testsuite> <!-- com.ashwanth.tests.Test_1_CRMLogin -->
