<?xml version="1.0" encoding="UTF-8"?>
<!-- Generated by org.testng.reporters.JUnitReportReporter -->
<testsuite hostname="CP000208" name="Ashwanth.Framework.chromebrowserlaunch" tests="1" failures="0" timestamp="18 Jan 2018 04:42:54 GMT" time="65.681" errors="0">
  <testcase name="Login2" time="65.681" classname="Ashwanth.Framework.chromebrowserlaunch"/>
</testsuite> <!-- Ashwanth.Framework.chromebrowserlaunch -->
