<?xml version="1.0" encoding="UTF-8"?>
<!-- Generated by org.testng.reporters.JUnitReportReporter -->
<testsuite skipped="0" hostname="CP000208" name="com.ashwanth.tests.Test_2_CRMLogin" tests="1" failures="0" timestamp="02 Feb 2018 09:30:28 GMT" time="43.922" errors="0">
  <testcase name="Login" time="43.922" classname="com.ashwanth.tests.Test_2_CRMLogin"/>
</testsuite> <!-- com.ashwanth.tests.Test_2_CRMLogin -->
