<?xml version="1.0" encoding="UTF-8"?>
<!-- Generated by org.testng.reporters.JUnitReportReporter -->
<testsuite skipped="0" hostname="LE000210" name="com.ashwanth.tests.Test_2_CRMLogin" tests="1" failures="0" timestamp="23 Feb 2018 08:34:59 GMT" time="36.786" errors="0">
  <testcase name="Login" time="36.786" classname="com.ashwanth.tests.Test_2_CRMLogin"/>
</testsuite> <!-- com.ashwanth.tests.Test_2_CRMLogin -->
