<?xml version="1.0" encoding="UTF-8"?>
<!-- Generated by org.testng.reporters.JUnitReportReporter -->
<testsuite hostname="CP000208" name="com.ashwanth.tests.Test_1_CRMLogin" tests="2" failures="0" timestamp="18 Jan 2018 05:42:21 GMT" time="72.451" errors="0">
  <testcase name="Login" time="31.093" classname="com.ashwanth.tests.Test_1_CRMLogin"/>
  <testcase name="Login1" time="41.358" classname="com.ashwanth.tests.Test_1_CRMLogin"/>
</testsuite> <!-- com.ashwanth.tests.Test_1_CRMLogin -->
