<?xml version="1.0" encoding="UTF-8"?>
<!-- Generated by org.testng.reporters.JUnitReportReporter -->
<testsuite skipped="0" hostname="LE000210" name="com.ashwanth.tests.Test_2_CRMLogin" tests="1" failures="0" timestamp="13 Feb 2018 05:20:18 GMT" time="52.595" errors="0">
  <testcase name="Login" time="52.595" classname="com.ashwanth.tests.Test_2_CRMLogin"/>
</testsuite> <!-- com.ashwanth.tests.Test_2_CRMLogin -->
