<?xml version="1.0" encoding="UTF-8"?>
<!-- Generated by org.testng.reporters.JUnitReportReporter -->
<testsuite skipped="0" hostname="LE000210" name="com.ashwanth.tests.Test_1_CRMLogin" tests="1" failures="0" timestamp="13 Feb 2018 13:38:47 GMT" time="7.760" errors="0">
  <testcase name="Login" time="7.760" classname="com.ashwanth.tests.Test_1_CRMLogin"/>
</testsuite> <!-- com.ashwanth.tests.Test_1_CRMLogin -->
