<?xml version="1.0" encoding="UTF-8"?>
<!-- Generated by org.testng.reporters.JUnitReportReporter -->
<testsuite skipped="0" hostname="LE000210" name="com.ashwanth.tests.Test_2_CRMLogin" tests="1" failures="0" timestamp="21 Feb 2018 11:28:47 GMT" time="49.563" errors="0">
  <testcase name="Login" time="49.563" classname="com.ashwanth.tests.Test_2_CRMLogin"/>
</testsuite> <!-- com.ashwanth.tests.Test_2_CRMLogin -->
