<?xml version="1.0" encoding="UTF-8"?>
<!-- Generated by org.testng.reporters.JUnitReportReporter -->
<testsuite hostname="CP000208" name="com.ashwanth.tests.Test_1_CRMLogin" tests="1" failures="0" timestamp="19 Jan 2018 08:44:22 GMT" time="33.117" errors="0">
  <testcase name="Login" time="33.117" classname="com.ashwanth.tests.Test_1_CRMLogin"/>
</testsuite> <!-- com.ashwanth.tests.Test_1_CRMLogin -->
