<?xml version="1.0" encoding="UTF-8"?>
<!-- Generated by org.testng.reporters.JUnitReportReporter -->
<testsuite skipped="0" hostname="CP000208" name="com.ashwanth.tests.Test_2_CRMLogin" tests="1" failures="0" timestamp="02 Feb 2018 04:54:34 GMT" time="30.756" errors="0">
  <testcase name="Login" time="30.756" classname="com.ashwanth.tests.Test_2_CRMLogin"/>
</testsuite> <!-- com.ashwanth.tests.Test_2_CRMLogin -->
