<?xml version="1.0" encoding="UTF-8"?>
<!-- Generated by org.testng.reporters.JUnitReportReporter -->
<testsuite skipped="0" hostname="CP000208" name="com.ashwanth.tests.Test_2_CRMLogin" tests="1" failures="0" timestamp="31 Jan 2018 08:57:21 GMT" time="37.946" errors="0">
  <testcase name="Login" time="37.946" classname="com.ashwanth.tests.Test_2_CRMLogin"/>
</testsuite> <!-- com.ashwanth.tests.Test_2_CRMLogin -->
