<?xml version="1.0" encoding="UTF-8"?>
<!-- Generated by org.testng.reporters.JUnitReportReporter -->
<testsuite hostname="CP000208" name="com.ashwanth.tests.Test_1_CRMLogin" tests="1" failures="0" timestamp="22 Jan 2018 12:01:23 GMT" time="32.238" errors="0">
  <testcase name="Login" time="32.238" classname="com.ashwanth.tests.Test_1_CRMLogin"/>
</testsuite> <!-- com.ashwanth.tests.Test_1_CRMLogin -->
